{"level":"error"[9/3/2023 00:29:00],"pid":1408,"hostname":"DESKTOP-FTC3BOA","msg":"Ruta: /api/shoppingcartproducts/6409520414b1d3cf4ffae262 y  metodo: POST, no funciono correctamente. TypeError: Cannot read properties of null (reading 'products')"}
{"level":"error"[9/3/2023 00:30:00],"pid":2400,"hostname":"DESKTOP-FTC3BOA","msg":"Ruta: /api/shoppingcartproducts/6409520414b1d3cf4ffae262 y  metodo: POST, no funciono correctamente. TypeError: Cannot read properties of null (reading 'product')"}
{"level":"error"[9/3/2023 00:31:14],"pid":18020,"hostname":"DESKTOP-FTC3BOA","msg":"Ruta: /api/shoppingcartproducts/640952638084b7af02168da2 y  metodo: POST, no funciono correctamente. CastError: Cast to string failed for value \"{ cantidad: 1, productId: '64095125d9b8055cc8450c5e' }\" (type Object) at path \"products\""}
{"level":"error"[9/3/2023 00:32:21],"pid":21212,"hostname":"DESKTOP-FTC3BOA","msg":"Ruta: /api/shoppingcartproducts/640952638084b7af02168da2 y  metodo: POST, no funciono correctamente. CastError: Cast to string failed for value \"{ cantidad: 1, productId: '64095125d9b8055cc8450c5e' }\" (type Object) at path \"products\""}
{"level":"error"[9/3/2023 00:36:29],"pid":16696,"hostname":"DESKTOP-FTC3BOA","msg":"Ruta: /api/shoppingcartproducts/640952638084b7af02168da2 y  metodo: POST, no funciono correctamente. CastError: Cast to string failed for value \"{ cantidad: 1, productId: '64095125d9b8055cc8450c5e' }\" (type Object) at path \"products\""}
{"level":"error"[9/3/2023 00:36:30],"pid":16696,"hostname":"DESKTOP-FTC3BOA","msg":"Ruta: /api/shoppingcartproducts/640952638084b7af02168da2 y  metodo: POST, no funciono correctamente. CastError: Cast to string failed for value \"{ cantidad: 1, productId: '64095125d9b8055cc8450c5e' }\" (type Object) at path \"products\""}
{"level":"error"[9/3/2023 00:38:05],"pid":10720,"hostname":"DESKTOP-FTC3BOA","msg":"Ruta: /api/shoppingcartproducts/640952638084b7af02168da2 y  metodo: POST, no funciono correctamente. Error: Error: Invalid atomic update value for $set. Expected an object, received undefined"}
{"level":"error"[9/3/2023 00:39:12],"pid":12104,"hostname":"DESKTOP-FTC3BOA","msg":"Ruta: /api/shoppingcartproducts/640952638084b7af02168da2 y  metodo: POST, no funciono correctamente. ReferenceError: print is not defined"}
{"level":"error"[9/3/2023 00:39:45],"pid":11316,"hostname":"DESKTOP-FTC3BOA","msg":"Ruta: /api/shoppingcartproducts/640952638084b7af02168da2 y  metodo: POST, no funciono correctamente. Error: Error: Invalid atomic update value for $set. Expected an object, received undefined"}
{"level":"error"[9/3/2023 22:21:17],"pid":4656,"hostname":"DESKTOP-FTC3BOA","msg":"Ruta: /api/shoppingcartproducts y  metodo: GET, no funciono correctamente. ReferenceError: user is not defined"}
{"level":"error"[9/3/2023 22:21:30],"pid":4656,"hostname":"DESKTOP-FTC3BOA","msg":"Ruta: /api/shoppingcartproducts y  metodo: GET, no funciono correctamente. ReferenceError: user is not defined"}
{"level":"error"[9/3/2023 22:21:31],"pid":4656,"hostname":"DESKTOP-FTC3BOA","msg":"Ruta: /api/shoppingcartproducts y  metodo: GET, no funciono correctamente. ReferenceError: user is not defined"}
{"level":"error"[9/3/2023 22:21:48],"pid":21164,"hostname":"DESKTOP-FTC3BOA","msg":"Ruta: /api/shoppingcartproducts y  metodo: GET, no funciono correctamente. ReferenceError: user is not defined"}
{"level":"error"[9/3/2023 22:21:49],"pid":21164,"hostname":"DESKTOP-FTC3BOA","msg":"Ruta: /api/shoppingcartproducts y  metodo: GET, no funciono correctamente. ReferenceError: user is not defined"}
{"level":"error"[9/3/2023 22:22:09],"pid":20580,"hostname":"DESKTOP-FTC3BOA","msg":"Ruta: /api/shoppingcartproducts y  metodo: GET, no funciono correctamente. ReferenceError: user is not defined"}
{"level":"error"[9/3/2023 22:22:10],"pid":20580,"hostname":"DESKTOP-FTC3BOA","msg":"Ruta: /api/shoppingcartproducts y  metodo: GET, no funciono correctamente. ReferenceError: user is not defined"}
{"level":"error"[9/3/2023 23:28:53],"pid":14024,"hostname":"DESKTOP-FTC3BOA","msg":"Ruta: /api/shoppingcartproducts y  metodo: POST, no funciono correctamente. ReferenceError: contenedor is not defined"}
{"level":"error"[9/3/2023 23:32:30],"pid":11164,"hostname":"DESKTOP-FTC3BOA","msg":"Ruta: /api/shoppingcartproducts y  metodo: POST, no funciono correctamente. ReferenceError: db is not defined"}
{"level":"error"[9/3/2023 23:50:49],"pid":25316,"hostname":"DESKTOP-FTC3BOA","msg":"Ruta: /api/shoppingcartproducts y  metodo: POST, no funciono correctamente. ReferenceError: product_in_cart is not defined"}
{"level":"error"[9/3/2023 23:52:07],"pid":14640,"hostname":"DESKTOP-FTC3BOA","msg":"Ruta: /api/shoppingcartproducts y  metodo: POST, no funciono correctamente. ReferenceError: product_in_cart is not defined"}
{"level":"error"[10/3/2023 00:08:43],"pid":11000,"hostname":"DESKTOP-FTC3BOA","msg":"Ruta: /api/shoppingcartproducts y  metodo: POST, no funciono correctamente. TypeError: Cannot read properties of undefined (reading 'cantidad')"}
