{"level":"error"[9/3/2023 00:29:00],"pid":1408,"hostname":"DESKTOP-FTC3BOA","msg":"Ruta: /api/shoppingcartproducts/6409520414b1d3cf4ffae262 y  metodo: POST, no funciono correctamente. TypeError: Cannot read properties of null (reading 'products')"}
{"level":"error"[9/3/2023 00:30:00],"pid":2400,"hostname":"DESKTOP-FTC3BOA","msg":"Ruta: /api/shoppingcartproducts/6409520414b1d3cf4ffae262 y  metodo: POST, no funciono correctamente. TypeError: Cannot read properties of null (reading 'product')"}
{"level":"error"[9/3/2023 00:31:14],"pid":18020,"hostname":"DESKTOP-FTC3BOA","msg":"Ruta: /api/shoppingcartproducts/640952638084b7af02168da2 y  metodo: POST, no funciono correctamente. CastError: Cast to string failed for value \"{ cantidad: 1, productId: '64095125d9b8055cc8450c5e' }\" (type Object) at path \"products\""}
{"level":"error"[9/3/2023 00:32:21],"pid":21212,"hostname":"DESKTOP-FTC3BOA","msg":"Ruta: /api/shoppingcartproducts/640952638084b7af02168da2 y  metodo: POST, no funciono correctamente. CastError: Cast to string failed for value \"{ cantidad: 1, productId: '64095125d9b8055cc8450c5e' }\" (type Object) at path \"products\""}
{"level":"error"[9/3/2023 00:36:29],"pid":16696,"hostname":"DESKTOP-FTC3BOA","msg":"Ruta: /api/shoppingcartproducts/640952638084b7af02168da2 y  metodo: POST, no funciono correctamente. CastError: Cast to string failed for value \"{ cantidad: 1, productId: '64095125d9b8055cc8450c5e' }\" (type Object) at path \"products\""}
{"level":"error"[9/3/2023 00:36:30],"pid":16696,"hostname":"DESKTOP-FTC3BOA","msg":"Ruta: /api/shoppingcartproducts/640952638084b7af02168da2 y  metodo: POST, no funciono correctamente. CastError: Cast to string failed for value \"{ cantidad: 1, productId: '64095125d9b8055cc8450c5e' }\" (type Object) at path \"products\""}
{"level":"error"[9/3/2023 00:38:05],"pid":10720,"hostname":"DESKTOP-FTC3BOA","msg":"Ruta: /api/shoppingcartproducts/640952638084b7af02168da2 y  metodo: POST, no funciono correctamente. Error: Error: Invalid atomic update value for $set. Expected an object, received undefined"}
{"level":"error"[9/3/2023 00:39:12],"pid":12104,"hostname":"DESKTOP-FTC3BOA","msg":"Ruta: /api/shoppingcartproducts/640952638084b7af02168da2 y  metodo: POST, no funciono correctamente. ReferenceError: print is not defined"}
{"level":"error"[9/3/2023 00:39:45],"pid":11316,"hostname":"DESKTOP-FTC3BOA","msg":"Ruta: /api/shoppingcartproducts/640952638084b7af02168da2 y  metodo: POST, no funciono correctamente. Error: Error: Invalid atomic update value for $set. Expected an object, received undefined"}
{"level":"error"[9/3/2023 22:21:17],"pid":4656,"hostname":"DESKTOP-FTC3BOA","msg":"Ruta: /api/shoppingcartproducts y  metodo: GET, no funciono correctamente. ReferenceError: user is not defined"}
{"level":"error"[9/3/2023 22:21:30],"pid":4656,"hostname":"DESKTOP-FTC3BOA","msg":"Ruta: /api/shoppingcartproducts y  metodo: GET, no funciono correctamente. ReferenceError: user is not defined"}
{"level":"error"[9/3/2023 22:21:31],"pid":4656,"hostname":"DESKTOP-FTC3BOA","msg":"Ruta: /api/shoppingcartproducts y  metodo: GET, no funciono correctamente. ReferenceError: user is not defined"}
{"level":"error"[9/3/2023 22:21:48],"pid":21164,"hostname":"DESKTOP-FTC3BOA","msg":"Ruta: /api/shoppingcartproducts y  metodo: GET, no funciono correctamente. ReferenceError: user is not defined"}
{"level":"error"[9/3/2023 22:21:49],"pid":21164,"hostname":"DESKTOP-FTC3BOA","msg":"Ruta: /api/shoppingcartproducts y  metodo: GET, no funciono correctamente. ReferenceError: user is not defined"}
{"level":"error"[9/3/2023 22:22:09],"pid":20580,"hostname":"DESKTOP-FTC3BOA","msg":"Ruta: /api/shoppingcartproducts y  metodo: GET, no funciono correctamente. ReferenceError: user is not defined"}
{"level":"error"[9/3/2023 22:22:10],"pid":20580,"hostname":"DESKTOP-FTC3BOA","msg":"Ruta: /api/shoppingcartproducts y  metodo: GET, no funciono correctamente. ReferenceError: user is not defined"}
{"level":"error"[9/3/2023 23:28:53],"pid":14024,"hostname":"DESKTOP-FTC3BOA","msg":"Ruta: /api/shoppingcartproducts y  metodo: POST, no funciono correctamente. ReferenceError: contenedor is not defined"}
{"level":"error"[9/3/2023 23:32:30],"pid":11164,"hostname":"DESKTOP-FTC3BOA","msg":"Ruta: /api/shoppingcartproducts y  metodo: POST, no funciono correctamente. ReferenceError: db is not defined"}
{"level":"error"[9/3/2023 23:50:49],"pid":25316,"hostname":"DESKTOP-FTC3BOA","msg":"Ruta: /api/shoppingcartproducts y  metodo: POST, no funciono correctamente. ReferenceError: product_in_cart is not defined"}
{"level":"error"[9/3/2023 23:52:07],"pid":14640,"hostname":"DESKTOP-FTC3BOA","msg":"Ruta: /api/shoppingcartproducts y  metodo: POST, no funciono correctamente. ReferenceError: product_in_cart is not defined"}
{"level":"error"[10/3/2023 00:08:43],"pid":11000,"hostname":"DESKTOP-FTC3BOA","msg":"Ruta: /api/shoppingcartproducts y  metodo: POST, no funciono correctamente. TypeError: Cannot read properties of undefined (reading 'cantidad')"}
{"level":"error"[10/3/2023 00:20:27],"pid":16752,"hostname":"DESKTOP-FTC3BOA","msg":"Ruta: /api/shoppingcartproducts y  metodo: GET, no funciono correctamente. TypeError: Cannot read properties of undefined (reading '_id')"}
{"level":"error"[10/3/2023 00:21:07],"pid":11468,"hostname":"DESKTOP-FTC3BOA","msg":"Ruta: /api/shoppingcartproducts y  metodo: POST, no funciono correctamente. ReferenceError: newObject is not defined"}
{"level":"error"[10/3/2023 00:23:21],"pid":15060,"hostname":"DESKTOP-FTC3BOA","msg":"Ruta: /api/shoppingcartproducts y  metodo: POST, no funciono correctamente. ReferenceError: $ is not defined"}
{"level":"error"[10/3/2023 10:58:03],"pid":16460,"hostname":"DESKTOP-FTC3BOA","msg":"Ruta: /api/shoppingcartproducts/640a97597dff34815f97f031 y  metodo: DELETE, no funciono correctamente. TypeError: this.contenedor.model.update is not a function"}
{"level":"error"[10/3/2023 10:58:46],"pid":4780,"hostname":"DESKTOP-FTC3BOA","msg":"Ruta: /api/shoppingcartproducts/640a97597dff34815f97f031 y  metodo: DELETE, no funciono correctamente. TypeError: this.contenedor.model.update is not a function"}
{"level":"error"[10/3/2023 10:58:47],"pid":4780,"hostname":"DESKTOP-FTC3BOA","msg":"Ruta: /api/shoppingcartproducts/640a97597dff34815f97f031 y  metodo: DELETE, no funciono correctamente. TypeError: this.contenedor.model.update is not a function"}
{"level":"error"[10/3/2023 10:59:32],"pid":25300,"hostname":"DESKTOP-FTC3BOA","msg":"Ruta: /api/shoppingcartproducts/640a97597dff34815f97f031 y  metodo: DELETE, no funciono correctamente. MongoServerError: Plan executor error during findAndModify :: caused by :: Cannot use the part (product_id) of (cart.product_id) to traverse the element ({cart: [ { product_id: \"64095123d9b8055cc8450c5c\", cantidad: 3 }, { product_id: \"640a97597dff34815f97f031\", cantidad: 1 } ]})"}
{"level":"error"[10/3/2023 11:01:11],"pid":4496,"hostname":"DESKTOP-FTC3BOA","msg":"Ruta: /api/shoppingcartproducts/640a97597dff34815f97f031 y  metodo: DELETE, no funciono correctamente. MongoServerError: Plan executor error during findAndModify :: caused by :: Cannot use the part (product_id) of (cart.product_id) to traverse the element ({cart: [ { product_id: \"64095123d9b8055cc8450c5c\", cantidad: 3 }, { product_id: \"640a97597dff34815f97f031\", cantidad: 1 } ]})"}
{"level":"error"[10/3/2023 11:08:45],"pid":27356,"hostname":"DESKTOP-FTC3BOA","msg":"Ruta: /api/shoppingcartproducts y  metodo: GET, no funciono correctamente. TypeError: Cannot read properties of undefined (reading '_id')"}
{"level":"error"[10/3/2023 11:14:39],"pid":29292,"hostname":"DESKTOP-FTC3BOA","msg":"Ruta: /api/shoppingcartproducts y  metodo: DELETE, no funciono correctamente. TypeError: Cannot read properties of undefined (reading '_id')"}
{"level":"error"[10/3/2023 12:22:14],"pid":27448,"hostname":"DESKTOP-FTC3BOA","msg":"Ruta: /api/shoppingcartproducts y  metodo: GET, no funciono correctamente. TypeError: Cannot read properties of undefined (reading '_id')"}
{"level":"error"[10/3/2023 12:26:09],"pid":27072,"hostname":"DESKTOP-FTC3BOA","msg":"Ruta: /api/orders y  metodo: POST, no funciono correctamente. TypeError: Cannot read properties of undefined (reading '_id')"}
{"level":"error"[10/3/2023 12:26:53],"pid":2092,"hostname":"DESKTOP-FTC3BOA","msg":"Ruta: /api/orders y  metodo: POST, no funciono correctamente. Error [ERR_HTTP_HEADERS_SENT]: Cannot set headers after they are sent to the client"}
{"level":"error"[10/3/2023 12:54:28],"pid":28868,"hostname":"DESKTOP-FTC3BOA","msg":"Ruta: /api/orders y  metodo: POST, no funciono correctamente. ReferenceError: product is not defined"}
{"level":"error"[10/3/2023 12:54:32],"pid":28868,"hostname":"DESKTOP-FTC3BOA","msg":"Ruta: /api/orders y  metodo: POST, no funciono correctamente. ReferenceError: product is not defined"}
{"level":"error"[10/3/2023 12:55:15],"pid":7576,"hostname":"DESKTOP-FTC3BOA","msg":"Ruta: /api/orders y  metodo: POST, no funciono correctamente. TypeError: Assignment to constant variable."}
{"level":"error"[10/3/2023 12:55:27],"pid":15728,"hostname":"DESKTOP-FTC3BOA","msg":"Ruta: /api/orders y  metodo: POST, no funciono correctamente. ReferenceError: enviadorDeMails is not defined"}
{"level":"error"[10/3/2023 12:56:05],"pid":20168,"hostname":"DESKTOP-FTC3BOA","msg":"Ruta: /api/orders y  metodo: POST, no funciono correctamente. ReferenceError: email_admin is not defined"}
{"level":"error"[10/3/2023 12:56:32],"pid":24988,"hostname":"DESKTOP-FTC3BOA","msg":"Ruta: /api/orders y  metodo: POST, no funciono correctamente. ReferenceError: newUser is not defined"}
{"level":"error"[10/3/2023 14:59:21],"pid":26980,"hostname":"DESKTOP-FTC3BOA","msg":"Ruta: / y  metodo: GET, no funciono correctamente. ReferenceError: next is not defined"}
{"level":"error"[10/3/2023 15:39:53],"pid":15668,"hostname":"DESKTOP-FTC3BOA","msg":"Ruta: /api/shoppingcartproducts y  metodo: GET, no funciono correctamente. CastError: Cast to ObjectId failed for value \"{ product_id: '64095123d9b8055cc8450c5c', cantidad: 1 }\" (type Object) at path \"_id\" for model \"Product\""}
{"level":"error"[10/3/2023 15:50:41],"pid":28540,"hostname":"DESKTOP-FTC3BOA","msg":"Ruta: /api/shoppingcartproducts y  metodo: GET, no funciono correctamente. ReferenceError: print is not defined"}
{"level":"error"[10/3/2023 16:47:36],"pid":18852,"hostname":"DESKTOP-FTC3BOA","msg":"Ruta: /api/orders y  metodo: POST, no funciono correctamente. TypeError: this.carrito.findOneAndUpdate is not a function"}
{"level":"error"[10/3/2023 16:47:36],"pid":18852,"hostname":"DESKTOP-FTC3BOA","msg":"Ruta: /api/orders y  metodo: POST, no funciono correctamente. Error [ERR_HTTP_HEADERS_SENT]: Cannot set headers after they are sent to the client"}
{"level":"error"[10/3/2023 16:48:36],"pid":20836,"hostname":"DESKTOP-FTC3BOA","msg":"Ruta: /api/orders y  metodo: POST, no funciono correctamente. TypeError: this.carrito.findOneAndUpdate is not a function"}
{"level":"error"[11/3/2023 13:08:51],"pid":20516,"hostname":"DESKTOP-FTC3BOA","msg":"Ruta: /api/shoppingcartproducts y  metodo: POST, no funciono correctamente. ReferenceError: req is not defined"}
{"level":"error"[11/3/2023 13:10:08],"pid":22936,"hostname":"DESKTOP-FTC3BOA","msg":"Ruta: /api/shoppingcartproducts y  metodo: POST, no funciono correctamente. Error: MongoServerError: Plan executor error during findAndModify :: caused by :: The positional operator did not find the match needed from the query."}
{"level":"error"[11/3/2023 13:12:28],"pid":18672,"hostname":"DESKTOP-FTC3BOA","msg":"Ruta: /api/shoppingcartproducts y  metodo: POST, no funciono correctamente. Error: MongoServerError: Plan executor error during findAndModify :: caused by :: The positional operator did not find the match needed from the query."}
{"level":"error"[11/3/2023 13:13:04],"pid":8960,"hostname":"DESKTOP-FTC3BOA","msg":"Ruta: /api/shoppingcartproducts y  metodo: POST, no funciono correctamente. ReferenceError: product is not defined"}
{"level":"error"[11/3/2023 13:14:24],"pid":10532,"hostname":"DESKTOP-FTC3BOA","msg":"Ruta: /api/shoppingcartproducts y  metodo: POST, no funciono correctamente. Error: TypeError: Cannot read properties of undefined (reading 'model')"}
{"level":"error"[18/3/2023 15:24:36],"pid":10528,"hostname":"DESKTOP-FTC3BOA","msg":"Ruta: /api/orders y  metodo: GET, no funciono correctamente. Error: TypeError: this.model.find is not a function"}
{"level":"error"[18/3/2023 15:31:15],"pid":1212,"hostname":"DESKTOP-FTC3BOA","msg":"Ruta: /api/orders y  metodo: GET, no funciono correctamente. Error: Error: ENOENT: no such file or directory, open 'C:\\Users\\Manuel\\Desktop\\manudiiez_programacion\\CoderHouse\\DesarolloBackend\\desafios\\19-mejorar-estructura\\fileDB\\products.json'"}
{"level":"error"[18/3/2023 15:32:49],"pid":12644,"hostname":"DESKTOP-FTC3BOA","msg":"Ruta: /api/orders y  metodo: GET, no funciono correctamente. Error: Error: ENOENT: no such file or directory, open 'C:\\Users\\Manuel\\Desktop\\manudiiez_programacion\\CoderHouse\\DesarolloBackend\\desafios\\19-mejorar-estructura\\fileDB\\orders.json'"}
{"level":"error"[18/3/2023 15:33:10],"pid":1244,"hostname":"DESKTOP-FTC3BOA","msg":"Ruta: /api/orders y  metodo: GET, no funciono correctamente. Error: Error: ENOENT: no such file or directory, open 'C:\\Users\\Manuel\\Desktop\\manudiiez_programacion\\CoderHouse\\DesarolloBackend\\fileDB\\orders.json'"}
{"level":"error"[18/3/2023 15:33:36],"pid":18156,"hostname":"DESKTOP-FTC3BOA","msg":"Ruta: /api/orders y  metodo: GET, no funciono correctamente. Error: Error: ENOENT: no such file or directory, open 'C:\\Users\\Manuel\\Desktop\\manudiiez_programacion\\CoderHouse\\DesarolloBackend\\fileDB\\orders.json'"}
{"level":"error"[18/3/2023 15:34:27],"pid":18504,"hostname":"DESKTOP-FTC3BOA","msg":"Ruta: /api/orders y  metodo: GET, no funciono correctamente. Error: Error: ENOENT: no such file or directory, open 'C:\\Users\\Manuel\\Desktop\\manudiiez_programacion\\CoderHouse\\DesarolloBackend\\desafios\\19-mejorar-estructura\\fileDB\\orders.json'"}
{"level":"error"[18/3/2023 15:35:57],"pid":3048,"hostname":"DESKTOP-FTC3BOA","msg":"Ruta: /api/orders y  metodo: GET, no funciono correctamente. Error: Error: ENOENT: no such file or directory, open 'C:\\Users\\Manuel\\Desktop\\manudiiez_programacion\\CoderHouse\\DesarolloBackend\\desafios\\19-mejorar-estructura\\fileDB\\orders.json'"}
{"level":"error"[18/3/2023 15:36:43],"pid":19668,"hostname":"DESKTOP-FTC3BOA","msg":"Ruta: /api/orders y  metodo: GET, no funciono correctamente. Error: Error: ENOENT: no such file or directory, open 'C:\\Users\\Manuel\\Desktop\\manudiiez_programacion\\CoderHouse\\DesarolloBackend\\desafios\\19-mejorar-estructura\\fileDB\\orders.txt'"}
{"level":"error"[18/3/2023 15:36:44],"pid":19668,"hostname":"DESKTOP-FTC3BOA","msg":"Ruta: /api/orders y  metodo: GET, no funciono correctamente. Error: Error: ENOENT: no such file or directory, open 'C:\\Users\\Manuel\\Desktop\\manudiiez_programacion\\CoderHouse\\DesarolloBackend\\desafios\\19-mejorar-estructura\\fileDB\\orders.txt'"}
{"level":"error"[18/3/2023 15:36:45],"pid":19668,"hostname":"DESKTOP-FTC3BOA","msg":"Ruta: /api/orders y  metodo: GET, no funciono correctamente. Error: Error: ENOENT: no such file or directory, open 'C:\\Users\\Manuel\\Desktop\\manudiiez_programacion\\CoderHouse\\DesarolloBackend\\desafios\\19-mejorar-estructura\\fileDB\\orders.txt'"}
{"level":"error"[18/3/2023 15:36:45],"pid":19668,"hostname":"DESKTOP-FTC3BOA","msg":"Ruta: /api/orders y  metodo: GET, no funciono correctamente. Error: Error: ENOENT: no such file or directory, open 'C:\\Users\\Manuel\\Desktop\\manudiiez_programacion\\CoderHouse\\DesarolloBackend\\desafios\\19-mejorar-estructura\\fileDB\\orders.txt'"}
{"level":"error"[18/3/2023 16:18:58],"pid":5108,"hostname":"DESKTOP-FTC3BOA","msg":"Ruta: /api/shoppingcartproducts y  metodo: GET, no funciono correctamente. CastError: Cast to ObjectId failed for value \"640b688faf011933cf90f26\" (type string) at path \"_id\" for model \"Product\""}
{"level":"error"[18/3/2023 16:18:59],"pid":5108,"hostname":"DESKTOP-FTC3BOA","msg":"Ruta: /api/shoppingcartproducts y  metodo: GET, no funciono correctamente. CastError: Cast to ObjectId failed for value \"640b688faf011933cf90f26\" (type string) at path \"_id\" for model \"Product\""}
{"level":"error"[18/3/2023 16:19:16],"pid":5108,"hostname":"DESKTOP-FTC3BOA","msg":"Ruta: /api/shoppingcartproducts y  metodo: GET, no funciono correctamente. CastError: Cast to ObjectId failed for value \"640b688faf011933cf90f26\" (type string) at path \"_id\" for model \"Product\""}
{"level":"error"[19/3/2023 20:35:02],"pid":12400,"hostname":"DESKTOP-FTC3BOA","msg":"Ruta: /api/shoppingcartproducts y  metodo: POST, no funciono correctamente. TypeError: this.contenedor.getOne is not a function"}
{"level":"error"[19/3/2023 20:44:22],"pid":6504,"hostname":"DESKTOP-FTC3BOA","msg":"Ruta: /api/shoppingcartproducts y  metodo: GET, no funciono correctamente. TypeError: Cannot read properties of undefined (reading 'cart')"}
{"level":"error"[19/3/2023 20:45:36],"pid":7828,"hostname":"DESKTOP-FTC3BOA","msg":"Ruta: /api/shoppingcartproducts y  metodo: GET, no funciono correctamente. TypeError: Cannot read properties of undefined (reading 'cart')"}
{"level":"error"[19/3/2023 20:48:02],"pid":11852,"hostname":"DESKTOP-FTC3BOA","msg":"Ruta: /api/shoppingcartproducts y  metodo: GET, no funciono correctamente. TypeError: Cannot read properties of undefined (reading 'cart')"}
{"level":"error"[19/3/2023 20:48:03],"pid":11852,"hostname":"DESKTOP-FTC3BOA","msg":"Ruta: /api/shoppingcartproducts y  metodo: GET, no funciono correctamente. TypeError: Cannot read properties of undefined (reading 'cart')"}
{"level":"error"[19/3/2023 20:48:04],"pid":11852,"hostname":"DESKTOP-FTC3BOA","msg":"Ruta: /api/shoppingcartproducts y  metodo: GET, no funciono correctamente. TypeError: Cannot read properties of undefined (reading 'cart')"}
{"level":"error"[19/3/2023 20:48:19],"pid":11796,"hostname":"DESKTOP-FTC3BOA","msg":"Ruta: /api/shoppingcartproducts y  metodo: GET, no funciono correctamente. TypeError: Cannot read properties of undefined (reading 'cart')"}
{"level":"error"[19/3/2023 20:48:46],"pid":3588,"hostname":"DESKTOP-FTC3BOA","msg":"Ruta: /api/shoppingcartproducts y  metodo: GET, no funciono correctamente. TypeError: Cannot read properties of undefined (reading 'cart')"}
{"level":"error"[20/3/2023 09:06:45],"pid":19216,"hostname":"DESKTOP-FTC3BOA","msg":"Ruta: /api/shoppingcartproducts y  metodo: POST, no funciono correctamente. Error: TypeError: Cannot read properties of undefined (reading 'find')"}
{"level":"error"[20/3/2023 09:08:31],"pid":17796,"hostname":"DESKTOP-FTC3BOA","msg":"Ruta: /api/shoppingcartproducts y  metodo: POST, no funciono correctamente. Error: TypeError: Cannot read properties of undefined (reading 'find')"}
{"level":"error"[20/3/2023 09:08:42],"pid":18788,"hostname":"DESKTOP-FTC3BOA","msg":"Ruta: /api/shoppingcartproducts y  metodo: POST, no funciono correctamente. TypeError: Cannot read properties of undefined (reading 'cart')"}
{"level":"error"[20/3/2023 09:08:47],"pid":18788,"hostname":"DESKTOP-FTC3BOA","msg":"Ruta: /api/shoppingcartproducts y  metodo: POST, no funciono correctamente. TypeError: Cannot read properties of undefined (reading 'cart')"}
{"level":"error"[20/3/2023 09:08:49],"pid":18788,"hostname":"DESKTOP-FTC3BOA","msg":"Ruta: /api/shoppingcartproducts y  metodo: POST, no funciono correctamente. TypeError: Cannot read properties of undefined (reading 'cart')"}
{"level":"error"[20/3/2023 09:10:08],"pid":6740,"hostname":"DESKTOP-FTC3BOA","msg":"Ruta: /api/shoppingcartproducts y  metodo: POST, no funciono correctamente. TypeError: Cannot read properties of undefined (reading 'cart')"}
{"level":"error"[20/3/2023 09:15:10],"pid":9424,"hostname":"DESKTOP-FTC3BOA","msg":"Ruta: /api/shoppingcartproducts y  metodo: POST, no funciono correctamente. Error: ReferenceError: fs is not defined"}
{"level":"error"[20/3/2023 09:15:33],"pid":2336,"hostname":"DESKTOP-FTC3BOA","msg":"Ruta: /api/shoppingcartproducts y  metodo: GET, no funciono correctamente. CastError: Cast to ObjectId failed for value \"1\" (type string) at path \"_id\" for model \"Product\""}
{"level":"error"[20/3/2023 09:16:59],"pid":2336,"hostname":"DESKTOP-FTC3BOA","msg":"Ruta: /api/shoppingcartproducts y  metodo: POST, no funciono correctamente. TypeError: Cannot read properties of undefined (reading 'find')"}
{"level":"error"[20/3/2023 09:18:03],"pid":15624,"hostname":"DESKTOP-FTC3BOA","msg":"Ruta: /api/shoppingcartproducts y  metodo: POST, no funciono correctamente. TypeError: Cannot read properties of undefined (reading 'find')"}
{"level":"error"[20/3/2023 09:18:12],"pid":15624,"hostname":"DESKTOP-FTC3BOA","msg":"Ruta: /api/shoppingcartproducts y  metodo: POST, no funciono correctamente. TypeError: Cannot read properties of undefined (reading 'find')"}
{"level":"error"[20/3/2023 09:19:43],"pid":20612,"hostname":"DESKTOP-FTC3BOA","msg":"Ruta: /api/shoppingcartproducts y  metodo: POST, no funciono correctamente. TypeError: Cannot read properties of undefined (reading 'find')"}
{"level":"error"[20/3/2023 09:19:54],"pid":14708,"hostname":"DESKTOP-FTC3BOA","msg":"Ruta: /api/shoppingcartproducts y  metodo: POST, no funciono correctamente. TypeError: Cannot read properties of undefined (reading 'find')"}
{"level":"error"[20/3/2023 09:20:14],"pid":10176,"hostname":"DESKTOP-FTC3BOA","msg":"Ruta: /api/shoppingcartproducts y  metodo: POST, no funciono correctamente. TypeError: cart.find is not a function"}
{"level":"error"[20/3/2023 09:28:28],"pid":8500,"hostname":"DESKTOP-FTC3BOA","msg":"Ruta: /api/shoppingcartproducts/2 y  metodo: DELETE, no funciono correctamente. Error: ReferenceError: id_product is not defined"}
{"level":"error"[20/3/2023 09:31:31],"pid":16764,"hostname":"DESKTOP-FTC3BOA","msg":"Ruta: /api/shoppingcartproducts y  metodo: GET, no funciono correctamente. CastError: Cast to ObjectId failed for value \"1\" (type string) at path \"_id\" for model \"Product\""}
{"level":"error"[20/3/2023 09:32:09],"pid":7620,"hostname":"DESKTOP-FTC3BOA","msg":"Ruta: /api/shoppingcartproducts y  metodo: GET, no funciono correctamente. TypeError: Cannot read properties of undefined (reading 'findById')"}
{"level":"error"[20/3/2023 09:32:43],"pid":14432,"hostname":"DESKTOP-FTC3BOA","msg":"Ruta: /api/shoppingcartproducts y  metodo: GET, no funciono correctamente. TypeError: Cannot read properties of undefined (reading 'findById')"}
{"level":"error"[20/3/2023 09:33:07],"pid":13536,"hostname":"DESKTOP-FTC3BOA","msg":"Ruta: /api/shoppingcartproducts y  metodo: GET, no funciono correctamente. TypeError: Cannot read properties of undefined (reading 'findById')"}
{"level":"error"[20/3/2023 09:33:59],"pid":18964,"hostname":"DESKTOP-FTC3BOA","msg":"Ruta: /api/shoppingcartproducts y  metodo: GET, no funciono correctamente. TypeError: this.contenedorProductos.findById is not a function"}
{"level":"error"[20/3/2023 09:34:54],"pid":8204,"hostname":"DESKTOP-FTC3BOA","msg":"Ruta: /api/shoppingcartproducts y  metodo: GET, no funciono correctamente. TypeError: Cannot read properties of undefined (reading '_id')"}
{"level":"error"[20/3/2023 09:35:10],"pid":18456,"hostname":"DESKTOP-FTC3BOA","msg":"Ruta: /api/shoppingcartproducts y  metodo: GET, no funciono correctamente. TypeError: Cannot read properties of undefined (reading '_id')"}
{"level":"error"[20/3/2023 09:35:25],"pid":5280,"hostname":"DESKTOP-FTC3BOA","msg":"Ruta: /api/shoppingcartproducts y  metodo: GET, no funciono correctamente. TypeError: Cannot read properties of undefined (reading '_id')"}
{"level":"error"[20/3/2023 09:36:01],"pid":10768,"hostname":"DESKTOP-FTC3BOA","msg":"Ruta: /api/shoppingcartproducts y  metodo: GET, no funciono correctamente. TypeError: Cannot read properties of undefined (reading '_id')"}
{"level":"error"[20/3/2023 09:36:15],"pid":15736,"hostname":"DESKTOP-FTC3BOA","msg":"Ruta: /api/shoppingcartproducts y  metodo: GET, no funciono correctamente. TypeError: Cannot read properties of undefined (reading '_id')"}
{"level":"error"[20/3/2023 09:37:07],"pid":12492,"hostname":"DESKTOP-FTC3BOA","msg":"Ruta: /api/shoppingcartproducts y  metodo: GET, no funciono correctamente. TypeError: Cannot read properties of undefined (reading '_id')"}
{"level":"error"[20/3/2023 09:44:30],"pid":1420,"hostname":"DESKTOP-FTC3BOA","msg":"Ruta: /api/orders y  metodo: POST, no funciono correctamente. CastError: Cast to ObjectId failed for value \"1\" (type number) at path \"_id\" for model \"User\""}
