{"level":"warn"[19/2/2023 15:39:42],"pid":13120,"hostname":"DESKTOP-FTC3BOA","msg":"Ruta: /sdasdas y  metodo: GET inexistentes"}
{"level":"warn"[19/2/2023 15:41:33],"pid":11328,"hostname":"DESKTOP-FTC3BOA","msg":"Ruta: /sdasdas y  metodo: GET inexistentes"}
{"level":"warn"[19/2/2023 17:05:15],"pid":15052,"hostname":"DESKTOP-FTC3BOA","msg":"Ruta: /productos y  metodo: POST inexistentes"}
{"level":"warn"[19/2/2023 17:20:55],"pid":17828,"hostname":"DESKTOP-FTC3BOA","msg":"Ruta: /dasdasdas y  metodo: GET inexistentes"}
{"level":"warn"[19/2/2023 17:23:29],"pid":15796,"hostname":"DESKTOP-FTC3BOA","msg":"Ruta: /dasdasdas y  metodo: GET inexistentes"}
{"level":"warn"[19/2/2023 17:23:38],"pid":15796,"hostname":"DESKTOP-FTC3BOA","msg":"Ruta: /dasdasdas y  metodo: GET inexistentes"}
{"level":"warn"[19/2/2023 17:23:39],"pid":15796,"hostname":"DESKTOP-FTC3BOA","msg":"Ruta: /dasdasdas y  metodo: GET inexistentes"}
{"level":"warn"[19/2/2023 17:24:47],"pid":20696,"hostname":"DESKTOP-FTC3BOA","msg":"Ruta: /dasdasdas y  metodo: GET inexistentes"}
{"level":"warn"[19/2/2023 17:25:49],"pid":21296,"hostname":"DESKTOP-FTC3BOA","msg":"Ruta: /dasdasdas y  metodo: GET inexistentes"}
{"level":"warn"[19/2/2023 17:25:49],"pid":21296,"hostname":"DESKTOP-FTC3BOA","msg":"Ruta: /dasdasdasd y  metodo: GET inexistentes"}
{"level":"warn"[19/2/2023 17:28:04],"pid":17628,"hostname":"DESKTOP-FTC3BOA","msg":"Ruta: /dasdasdas y  metodo: GET inexistentes"}
{"level":"warn"[19/2/2023 17:28:04],"pid":17628,"hostname":"DESKTOP-FTC3BOA","msg":"Ruta: /dasdasdasd y  metodo: GET inexistentes"}
{"level":"warn"[19/2/2023 17:30:00],"pid":21132,"hostname":"DESKTOP-FTC3BOA","msg":"Ruta: /dasdasdas y  metodo: GET inexistentes"}
{"level":"warn"[19/2/2023 17:30:00],"pid":21132,"hostname":"DESKTOP-FTC3BOA","msg":"Ruta: /dasdasdasd y  metodo: GET inexistentes"}
{"level":"warn"[19/2/2023 17:34:59],"pid":19240,"hostname":"DESKTOP-FTC3BOA","msg":"Ruta: /dasdasdas y  metodo: GET inexistentes"}
{"level":"warn"[19/2/2023 17:34:59],"pid":19240,"hostname":"DESKTOP-FTC3BOA","msg":"Ruta: /asdasasasdasd y  metodo: GET inexistentes"}
{"level":"warn"[19/2/2023 17:34:59],"pid":19240,"hostname":"DESKTOP-FTC3BOA","msg":"Ruta: /dasdasdasd y  metodo: GET inexistentes"}
{"level":"warn"[19/2/2023 18:12:28],"pid":14060,"hostname":"DESKTOP-FTC3BOA","msg":"Ruta: /dasdasdasd y  metodo: GET inexistentes"}
{"level":"warn"[19/2/2023 18:13:16],"pid":14780,"hostname":"DESKTOP-FTC3BOA","msg":"Ruta: /dasdasdasd y  metodo: GET inexistentes"}
{"level":"warn"[19/2/2023 18:33:23],"pid":17560,"hostname":"DESKTOP-FTC3BOA","msg":"Ruta: /dasdasdasd y  metodo: GET inexistentes"}
{"level":"warn"[19/2/2023 18:33:23],"pid":17560,"hostname":"DESKTOP-FTC3BOA","msg":"Ruta: /ASDASDAS y  metodo: GET inexistentes"}
{"level":"warn"[19/2/2023 18:33:40],"pid":17560,"hostname":"DESKTOP-FTC3BOA","msg":"Ruta: /undefined y  metodo: GET inexistentes"}
{"level":"warn"[19/2/2023 18:34:10],"pid":14964,"hostname":"DESKTOP-FTC3BOA","msg":"Ruta: /dasdasdasd y  metodo: GET inexistentes"}
{"level":"warn"[19/2/2023 18:34:10],"pid":14964,"hostname":"DESKTOP-FTC3BOA","msg":"Ruta: /aaaaaaaaaaaaaaaaaaaaaaaaaaaaaaaaaaaaaaaaaa y  metodo: GET inexistentes"}
{"level":"warn"[19/2/2023 18:34:10],"pid":14964,"hostname":"DESKTOP-FTC3BOA","msg":"Ruta: /ASDASDAS y  metodo: GET inexistentes"}
{"level":"warn"[19/2/2023 18:34:22],"pid":14964,"hostname":"DESKTOP-FTC3BOA","msg":"Ruta: /undefined y  metodo: GET inexistentes"}
{"level":"warn"[19/2/2023 18:34:41],"pid":15976,"hostname":"DESKTOP-FTC3BOA","msg":"Ruta: /dasdasdasd y  metodo: GET inexistentes"}
{"level":"warn"[19/2/2023 18:34:41],"pid":15976,"hostname":"DESKTOP-FTC3BOA","msg":"Ruta: /ASDASDAS y  metodo: GET inexistentes"}
{"level":"warn"[19/2/2023 18:34:41],"pid":15976,"hostname":"DESKTOP-FTC3BOA","msg":"Ruta: /aaaaaaaaaaaaaaaaaaaaaaaaaaaaaaaaaaaaaaaaaa y  metodo: GET inexistentes"}
{"level":"warn"[19/2/2023 18:34:41],"pid":15976,"hostname":"DESKTOP-FTC3BOA","msg":"Ruta: /1adasdasdasd y  metodo: GET inexistentes"}
{"level":"warn"[19/2/2023 18:34:50],"pid":15976,"hostname":"DESKTOP-FTC3BOA","msg":"Ruta: /dasdasdasd y  metodo: GET inexistentes"}
{"level":"warn"[19/2/2023 18:34:50],"pid":15976,"hostname":"DESKTOP-FTC3BOA","msg":"Ruta: /ASDASDAS y  metodo: GET inexistentes"}
{"level":"warn"[19/2/2023 18:34:50],"pid":15976,"hostname":"DESKTOP-FTC3BOA","msg":"Ruta: /aaaaaaaaaaaaaaaaaaaaaaaaaaaaaaaaaaaaaaaaaa y  metodo: GET inexistentes"}
{"level":"warn"[19/2/2023 18:34:50],"pid":15976,"hostname":"DESKTOP-FTC3BOA","msg":"Ruta: /dasdasdasdas y  metodo: GET inexistentes"}
{"level":"warn"[19/2/2023 18:34:50],"pid":15976,"hostname":"DESKTOP-FTC3BOA","msg":"Ruta: /1adasdasdasd y  metodo: GET inexistentes"}
{"level":"warn"[19/2/2023 18:35:24],"pid":15976,"hostname":"DESKTOP-FTC3BOA","msg":"Ruta: /dasdasdasd y  metodo: GET inexistentes"}
{"level":"warn"[19/2/2023 18:35:24],"pid":15976,"hostname":"DESKTOP-FTC3BOA","msg":"Ruta: /ASDASDAS y  metodo: GET inexistentes"}
{"level":"warn"[19/2/2023 18:35:24],"pid":15976,"hostname":"DESKTOP-FTC3BOA","msg":"Ruta: /aaaaaaaaaaaaaaaaaaaaaaaaaaaaaaaaaaaaaaaaaa y  metodo: GET inexistentes"}
{"level":"warn"[19/2/2023 18:35:24],"pid":15976,"hostname":"DESKTOP-FTC3BOA","msg":"Ruta: /1adasdasdasd y  metodo: GET inexistentes"}
{"level":"warn"[19/2/2023 18:35:24],"pid":15976,"hostname":"DESKTOP-FTC3BOA","msg":"Ruta: /dasdasdasdas y  metodo: GET inexistentes"}
{"level":"warn"[19/2/2023 18:35:25],"pid":15976,"hostname":"DESKTOP-FTC3BOA","msg":"Ruta: /dasdasdasd y  metodo: GET inexistentes"}
{"level":"warn"[19/2/2023 18:35:25],"pid":15976,"hostname":"DESKTOP-FTC3BOA","msg":"Ruta: /ASDASDAS y  metodo: GET inexistentes"}
{"level":"warn"[19/2/2023 18:35:25],"pid":15976,"hostname":"DESKTOP-FTC3BOA","msg":"Ruta: /aaaaaaaaaaaaaaaaaaaaaaaaaaaaaaaaaaaaaaaaaa y  metodo: GET inexistentes"}
{"level":"warn"[19/2/2023 18:35:25],"pid":15976,"hostname":"DESKTOP-FTC3BOA","msg":"Ruta: /1adasdasdasd y  metodo: GET inexistentes"}
{"level":"warn"[19/2/2023 18:35:25],"pid":15976,"hostname":"DESKTOP-FTC3BOA","msg":"Ruta: /dasdasdasdas y  metodo: GET inexistentes"}
{"level":"warn"[19/2/2023 18:35:25],"pid":15976,"hostname":"DESKTOP-FTC3BOA","msg":"Ruta: /dasdasdasd y  metodo: GET inexistentes"}
{"level":"warn"[19/2/2023 18:35:25],"pid":15976,"hostname":"DESKTOP-FTC3BOA","msg":"Ruta: /ASDASDAS y  metodo: GET inexistentes"}
{"level":"warn"[19/2/2023 18:35:25],"pid":15976,"hostname":"DESKTOP-FTC3BOA","msg":"Ruta: /aaaaaaaaaaaaaaaaaaaaaaaaaaaaaaaaaaaaaaaaaa y  metodo: GET inexistentes"}
{"level":"warn"[19/2/2023 18:35:25],"pid":15976,"hostname":"DESKTOP-FTC3BOA","msg":"Ruta: /1adasdasdasd y  metodo: GET inexistentes"}
{"level":"warn"[19/2/2023 18:35:25],"pid":15976,"hostname":"DESKTOP-FTC3BOA","msg":"Ruta: /dasdasdasdas y  metodo: GET inexistentes"}
{"level":"warn"[19/2/2023 18:35:27],"pid":15976,"hostname":"DESKTOP-FTC3BOA","msg":"Ruta: /dasdasdasd y  metodo: GET inexistentes"}
{"level":"warn"[19/2/2023 18:35:27],"pid":15976,"hostname":"DESKTOP-FTC3BOA","msg":"Ruta: /ASDASDAS y  metodo: GET inexistentes"}
{"level":"warn"[19/2/2023 18:35:27],"pid":15976,"hostname":"DESKTOP-FTC3BOA","msg":"Ruta: /aaaaaaaaaaaaaaaaaaaaaaaaaaaaaaaaaaaaaaaaaa y  metodo: GET inexistentes"}
{"level":"warn"[19/2/2023 18:35:27],"pid":15976,"hostname":"DESKTOP-FTC3BOA","msg":"Ruta: /1adasdasdasd y  metodo: GET inexistentes"}
{"level":"warn"[19/2/2023 18:35:27],"pid":15976,"hostname":"DESKTOP-FTC3BOA","msg":"Ruta: /dasdasdasdas y  metodo: GET inexistentes"}
{"level":"warn"[19/2/2023 18:35:50],"pid":15976,"hostname":"DESKTOP-FTC3BOA","msg":"Ruta: /dasdasdasd y  metodo: GET inexistentes"}
{"level":"warn"[19/2/2023 18:35:50],"pid":15976,"hostname":"DESKTOP-FTC3BOA","msg":"Ruta: /ASDASDAS y  metodo: GET inexistentes"}
{"level":"warn"[19/2/2023 18:35:50],"pid":15976,"hostname":"DESKTOP-FTC3BOA","msg":"Ruta: /aaaaaaaaaaaaaaaaaaaaaaaaaaaaaaaaaaaaaaaaaa y  metodo: GET inexistentes"}
{"level":"warn"[19/2/2023 18:35:50],"pid":15976,"hostname":"DESKTOP-FTC3BOA","msg":"Ruta: /1adasdasdasd y  metodo: GET inexistentes"}
{"level":"warn"[19/2/2023 18:35:50],"pid":15976,"hostname":"DESKTOP-FTC3BOA","msg":"Ruta: /dasdasdasdas y  metodo: GET inexistentes"}
{"level":"warn"[19/2/2023 20:05:39],"pid":14412,"hostname":"DESKTOP-FTC3BOA","msg":"Ruta: /dasdasdasd y  metodo: GET inexistentes"}
{"level":"warn"[19/2/2023 20:05:39],"pid":14412,"hostname":"DESKTOP-FTC3BOA","msg":"Ruta: /ASDASDAS y  metodo: GET inexistentes"}
{"level":"warn"[19/2/2023 20:05:39],"pid":14412,"hostname":"DESKTOP-FTC3BOA","msg":"Ruta: /aaaaaaaaaaaaaaaaaaaaaaaaaaaaaaaaaaaaaaaaaa y  metodo: GET inexistentes"}
{"level":"warn"[19/2/2023 20:05:39],"pid":14412,"hostname":"DESKTOP-FTC3BOA","msg":"Ruta: /1adasdasdasd y  metodo: GET inexistentes"}
{"level":"warn"[19/2/2023 20:05:39],"pid":14412,"hostname":"DESKTOP-FTC3BOA","msg":"Ruta: /dasdasdasdas y  metodo: GET inexistentes"}
{"level":"warn"[19/2/2023 20:07:49],"pid":1312,"hostname":"DESKTOP-FTC3BOA","msg":"Ruta: /dasdasdasd y  metodo: GET inexistentes"}
{"level":"warn"[19/2/2023 20:07:49],"pid":1312,"hostname":"DESKTOP-FTC3BOA","msg":"Ruta: /ASDASDAS y  metodo: GET inexistentes"}
{"level":"warn"[19/2/2023 20:07:49],"pid":1312,"hostname":"DESKTOP-FTC3BOA","msg":"Ruta: /aaaaaaaaaaaaaaaaaaaaaaaaaaaaaaaaaaaaaaaaaa y  metodo: GET inexistentes"}
{"level":"warn"[19/2/2023 20:07:49],"pid":1312,"hostname":"DESKTOP-FTC3BOA","msg":"Ruta: /1adasdasdasd y  metodo: GET inexistentes"}
{"level":"warn"[19/2/2023 20:07:49],"pid":1312,"hostname":"DESKTOP-FTC3BOA","msg":"Ruta: /asdasdasda y  metodo: GET inexistentes"}
{"level":"warn"[19/2/2023 20:07:49],"pid":1312,"hostname":"DESKTOP-FTC3BOA","msg":"Ruta: /dasdasdasdas y  metodo: GET inexistentes"}
{"level":"warn"[3/3/2023 11:54:14],"pid":5888,"hostname":"DESKTOP-FTC3BOA","msg":"Ruta: /favicon.ico y  metodo: GET inexistentes"}
{"level":"warn"[3/3/2023 11:54:17],"pid":5888,"hostname":"DESKTOP-FTC3BOA","msg":"Ruta: /favicon.ico y  metodo: GET inexistentes"}
{"level":"warn"[4/3/2023 11:29:35],"pid":14464,"hostname":"DESKTOP-FTC3BOA","msg":"Ruta: /favicon.ico y  metodo: GET inexistentes"}
{"level":"warn"[4/3/2023 11:40:02],"pid":14464,"hostname":"DESKTOP-FTC3BOA","msg":"Ruta: /favicon.ico y  metodo: GET inexistentes"}
{"level":"warn"[4/3/2023 12:13:09],"pid":2196,"hostname":"DESKTOP-FTC3BOA","msg":"Ruta: /favicon.ico y  metodo: GET inexistentes"}
