{"level":"error"[22/4/2023 18:29:04],"pid":24796,"hostname":"DESKTOP-FTC3BOA","msg":"Ruta: /api/orders y  metodo: GET, no funciono correctamente. TypeError: this.contenedor.getAll is not a function"}
{"level":"error"[22/4/2023 18:42:59],"pid":26568,"hostname":"DESKTOP-FTC3BOA","msg":"Ruta: /api/orders y  metodo: GET, no funciono correctamente. TypeError: this.contenedor.getAll is not a function"}
{"level":"error"[22/4/2023 18:43:23],"pid":26568,"hostname":"DESKTOP-FTC3BOA","msg":"Ruta: /api/orders y  metodo: GET, no funciono correctamente. TypeError: this.contenedor.getAll is not a function"}
{"level":"error"[27/4/2023 22:36:50],"pid":16196,"hostname":"DESKTOP-FTC3BOA","msg":"Ruta: /api/products/1 y  metodo: GET, no funciono correctamente. Error: CastError: Cast to ObjectId failed for value \"1\" (type string) at path \"_id\" for model \"Product\""}
{"level":"error"[27/4/2023 22:36:57],"pid":16196,"hostname":"DESKTOP-FTC3BOA","msg":"Ruta: /api/products/1 y  metodo: GET, no funciono correctamente. Error: CastError: Cast to ObjectId failed for value \"1\" (type string) at path \"_id\" for model \"Product\""}
{"level":"error"[27/4/2023 22:37:15],"pid":28772,"hostname":"DESKTOP-FTC3BOA","msg":"Ruta: /api/products/1 y  metodo: GET, no funciono correctamente. Error: CastError: Cast to ObjectId failed for value \"1\" (type string) at path \"_id\" for model \"Product\""}
{"level":"error"[27/4/2023 22:37:57],"pid":29456,"hostname":"DESKTOP-FTC3BOA","msg":"Ruta: /api/products/1 y  metodo: GET, no funciono correctamente. Error: No se encontro un prodcuto con ese id"}
{"level":"error"[27/4/2023 22:38:31],"pid":13672,"hostname":"DESKTOP-FTC3BOA","msg":"Ruta: /api/products/1 y  metodo: GET, no funciono correctamente. Error: No se encontro un prodcuto con ese id"}
{"level":"error"[27/4/2023 22:38:32],"pid":13672,"hostname":"DESKTOP-FTC3BOA","msg":"Ruta: /api/products/1 y  metodo: GET, no funciono correctamente. Error: No se encontro un prodcuto con ese id"}
{"level":"error"[27/4/2023 22:38:41],"pid":16068,"hostname":"DESKTOP-FTC3BOA","msg":"Ruta: /api/products/1 y  metodo: GET, no funciono correctamente. Error: No se encontro un prodcuto con ese id"}
{"level":"error"[27/4/2023 22:38:49],"pid":2040,"hostname":"DESKTOP-FTC3BOA","msg":"Ruta: /api/products/1 y  metodo: GET, no funciono correctamente. Error: No se encontro un prodcuto con ese id"}
{"level":"error"[27/4/2023 22:39:11],"pid":22644,"hostname":"DESKTOP-FTC3BOA","msg":"Ruta: /api/products/1 y  metodo: GET, no funciono correctamente. Error: No se encontro un prodcuto con ese id"}
{"level":"error"[27/4/2023 22:39:27],"pid":26928,"hostname":"DESKTOP-FTC3BOA","msg":"Ruta: /api/products/1 y  metodo: GET, no funciono correctamente. Error: No se encontro un prodcuto con ese id"}
{"level":"error"[27/4/2023 22:39:39],"pid":20428,"hostname":"DESKTOP-FTC3BOA","msg":"Ruta: /api/products/1 y  metodo: GET, no funciono correctamente. Error: No se encontro un prodcuto con ese id"}
{"level":"error"[27/4/2023 22:39:56],"pid":21876,"hostname":"DESKTOP-FTC3BOA","msg":"Ruta: /api/products/1 y  metodo: GET, no funciono correctamente. Error: No se encontro un prodcuto con ese id"}
{"level":"error"[27/4/2023 22:40:18],"pid":7192,"hostname":"DESKTOP-FTC3BOA","msg":"Ruta: /api/products/1 y  metodo: GET, no funciono correctamente. Error: No se encontro un producto con ese id"}
{"level":"error"[28/4/2023 00:13:00],"pid":7192,"hostname":"DESKTOP-FTC3BOA","msg":"Ruta: /api/products/1 y  metodo: GET, no funciono correctamente. Error: No se encontro un producto con ese id"}
{"level":"error"[29/4/2023 00:29:26],"pid":18912,"hostname":"DESKTOP-FTC3BOA","msg":"Ruta: /api/products y  metodo: POST, no funciono correctamente. Error: ValidationError: name: Path `name` is required."}
{"level":"error"[29/4/2023 00:30:57],"pid":13012,"hostname":"DESKTOP-FTC3BOA","msg":"Ruta: /api/products y  metodo: POST, no funciono correctamente. Error: Ocurrio un error inesperado"}
{"level":"error"[29/4/2023 00:31:10],"pid":18380,"hostname":"DESKTOP-FTC3BOA","msg":"Ruta: /api/products y  metodo: POST, no funciono correctamente. Error: ValidationError: name: Path `name` is required."}
{"level":"error"[29/4/2023 00:31:28],"pid":6116,"hostname":"DESKTOP-FTC3BOA","msg":"Ruta: /api/products y  metodo: POST, no funciono correctamente. Error: ValidationError: name: Path `name` is required."}
{"level":"error"[29/4/2023 00:32:08],"pid":7280,"hostname":"DESKTOP-FTC3BOA","msg":"Ruta: /api/products y  metodo: POST, no funciono correctamente. Error: ValidationError: name: Path `name` is required."}
{"level":"error"[29/4/2023 00:32:50],"pid":4112,"hostname":"DESKTOP-FTC3BOA","msg":"Ruta: /api/products y  metodo: POST, no funciono correctamente. Error: ValidationError: name: Path `name` is required."}
{"level":"error"[29/4/2023 00:33:09],"pid":9268,"hostname":"DESKTOP-FTC3BOA","msg":"Ruta: /api/products y  metodo: POST, no funciono correctamente. Error: ValidationError: name: Path `name` is required."}
{"level":"error"[29/4/2023 00:33:53],"pid":27024,"hostname":"DESKTOP-FTC3BOA","msg":"Ruta: /api/products y  metodo: POST, no funciono correctamente. Error: ValidationError: name: Path `name` is required."}
{"level":"error"[29/4/2023 00:34:29],"pid":3048,"hostname":"DESKTOP-FTC3BOA","msg":"Ruta: /api/products y  metodo: POST, no funciono correctamente. Error: ValidationError: price: Path `price` is required."}
{"level":"error"[29/4/2023 00:35:46],"pid":3048,"hostname":"DESKTOP-FTC3BOA","msg":"Ruta: /api/products/1 y  metodo: GET, no funciono correctamente. Error: No se encontro un producto con ese id"}
{"level":"error"[29/4/2023 00:36:30],"pid":3048,"hostname":"DESKTOP-FTC3BOA","msg":"Ruta: /api/products/1 y  metodo: PUT, no funciono correctamente. Error: CastError: Cast to ObjectId failed for value \"1\" (type string) at path \"_id\" for model \"Product\""}
{"level":"error"[29/4/2023 00:37:09],"pid":12172,"hostname":"DESKTOP-FTC3BOA","msg":"Ruta: /api/products/1 y  metodo: PUT, no funciono correctamente. Error: No se encontro un producto con ese id"}
{"level":"error"[29/4/2023 00:39:53],"pid":19288,"hostname":"DESKTOP-FTC3BOA","msg":"Ruta: /api/products/1 y  metodo: DELETE, no funciono correctamente. Error: CastError: Cast to ObjectId failed for value \"1\" (type string) at path \"_id\" for model \"Product\""}
{"level":"error"[29/4/2023 00:41:58],"pid":2744,"hostname":"DESKTOP-FTC3BOA","msg":"Ruta: /api/products/1 y  metodo: GET, no funciono correctamente. Error: CastError: Cast to ObjectId failed for value \"1\" (type string) at path \"_id\" for model \"Product\""}
{"level":"error"[29/4/2023 00:42:17],"pid":18148,"hostname":"DESKTOP-FTC3BOA","msg":"Ruta: /api/products/1 y  metodo: GET, no funciono correctamente. Error: CastError: Cast to ObjectId failed for value \"1\" (type string) at path \"_id\" for model \"Product\""}
{"level":"error"[29/4/2023 00:43:01],"pid":27172,"hostname":"DESKTOP-FTC3BOA","msg":"Ruta: /api/products/1 y  metodo: DELETE, no funciono correctamente. Error: CastError: Cast to ObjectId failed for value \"1\" (type string) at path \"_id\" for model \"Product\""}
{"level":"error"[29/4/2023 00:46:10],"pid":22320,"hostname":"DESKTOP-FTC3BOA","msg":"Ruta: /api/products/644c92b1247a58959a58300f y  metodo: DELETE, no funciono correctamente. Error: Error"}
{"level":"error"[29/4/2023 00:46:11],"pid":22320,"hostname":"DESKTOP-FTC3BOA","msg":"Ruta: /api/products/644c92b1247a58959a58300f y  metodo: DELETE, no funciono correctamente. Error: Error"}
{"level":"error"[29/4/2023 00:46:23],"pid":22320,"hostname":"DESKTOP-FTC3BOA","msg":"Ruta: /api/products/644c9309b097afef558f97ad y  metodo: DELETE, no funciono correctamente. Error: Error"}
{"level":"error"[29/4/2023 01:35:32],"pid":13908,"hostname":"DESKTOP-FTC3BOA","msg":"Ruta: /api/products/2 y  metodo: GET, no funciono correctamente. Error: CastError: Cast to ObjectId failed for value \"2\" (type string) at path \"_id\" for model \"Product\""}
{"level":"error"[29/4/2023 01:35:33],"pid":13908,"hostname":"DESKTOP-FTC3BOA","msg":"Ruta: /api/products/2 y  metodo: GET, no funciono correctamente. Error: CastError: Cast to ObjectId failed for value \"2\" (type string) at path \"_id\" for model \"Product\""}
{"level":"error"[29/4/2023 01:35:35],"pid":13908,"hostname":"DESKTOP-FTC3BOA","msg":"Ruta: /api/products/1 y  metodo: GET, no funciono correctamente. Error: CastError: Cast to ObjectId failed for value \"1\" (type string) at path \"_id\" for model \"Product\""}
{"level":"error"[29/4/2023 01:35:41],"pid":13908,"hostname":"DESKTOP-FTC3BOA","msg":"Ruta: /api/products/1 y  metodo: GET, no funciono correctamente. Error: CastError: Cast to ObjectId failed for value \"1\" (type string) at path \"_id\" for model \"Product\""}
